#
# There is insufficient memory for the Java Runtime Environment to continue.
# Native memory allocation (malloc) failed to allocate 332176 bytes for Chunk::new
# Possible reasons:
#   The system is out of physical RAM or swap space
#   The process is running with CompressedOops enabled, and the Java Heap may be blocking the growth of the native heap
# Possible solutions:
#   Reduce memory load on the system
#   Increase physical memory or swap space
#   Check if swap backing store is full
#   Decrease Java heap size (-Xmx/-Xms)
#   Decrease number of Java threads
#   Decrease Java thread stack sizes (-Xss)
#   Set larger code cache with -XX:ReservedCodeCacheSize=
#   JVM is running with Unscaled Compressed Oops mode in which the Java heap is
#     placed in the first 4GB address space. The Java Heap base address is the
#     maximum limit for the native heap growth. Please use -XX:HeapBaseMinAddress
#     to set the Java Heap base and to place the Java Heap above 4GB virtual address.
# This output file may be truncated or incomplete.
#
#  Out of Memory Error (allocation.cpp:389), pid=52056, tid=0x0000000000007924
#
# JRE version: Java(TM) SE Runtime Environment (8.0_231-b11) (build 1.8.0_231-b11)
# Java VM: Java HotSpot(TM) 64-Bit Server VM (25.231-b11 mixed mode windows-amd64 compressed oops)
# Failed to write core dump. Minidumps are not enabled by default on client versions of Windows
#

---------------  T H R E A D  ---------------

Current thread (0x0000000019e6a800):  JavaThread "C2 CompilerThread0" daemon [_thread_in_native, id=31012, stack(0x000000001a4c0000,0x000000001a5c0000)]

Stack: [0x000000001a4c0000,0x000000001a5c0000]
[error occurred during error reporting (printing stack bounds), id 0xc0000005]

Native frames: (J=compiled Java code, j=interpreted, Vv=VM code, C=native code)


Current CompileTask:
C2:  24403 3033       4       org.aspectj.apache.bcel.generic.ClassGen::<init> (461 bytes)


---------------  P R O C E S S  ---------------

Java Threads: ( => current thread )
  0x000000001b067800 JavaThread "Okio Watchdog" daemon [_thread_blocked, id=64136, stack(0x0000000020eb0000,0x0000000020fb0000)]
  0x000000001f759000 JavaThread "OkHttp ConnectionPool" daemon [_thread_blocked, id=43116, stack(0x0000000020db0000,0x0000000020eb0000)]
  0x000000001cca5000 JavaThread "Exec Stream Pumper" daemon [_thread_in_native, id=42776, stack(0x00000000206b0000,0x00000000207b0000)]
  0x000000001cca4800 JavaThread "Exec Stream Pumper" daemon [_thread_in_native, id=54368, stack(0x00000000205b0000,0x00000000206b0000)]
  0x000000001dfc9800 JavaThread "UrlChecker-2" daemon [_thread_blocked, id=49708, stack(0x000000001eb90000,0x000000001ec90000)]
  0x000000001cc34000 JavaThread "Exec Default Executor" daemon [_thread_in_native, id=19924, stack(0x000000001c490000,0x000000001c590000)]
  0x000000001b0bc800 JavaThread "surefire-forkedjvm-command-thread" daemon [_thread_in_native, id=56888, stack(0x000000001b3c0000,0x000000001b4c0000)]
  0x000000001afd6000 JavaThread "last-ditch-daemon-shutdown-thread-30sec" daemon [_thread_blocked, id=49776, stack(0x000000001b2c0000,0x000000001b3c0000)]
  0x0000000019f0c800 JavaThread "Service Thread" daemon [_thread_blocked, id=30628, stack(0x000000001a8c0000,0x000000001a9c0000)]
  0x0000000019e4d800 JavaThread "C1 CompilerThread3" daemon [_thread_blocked, id=18532, stack(0x000000001a7c0000,0x000000001a8c0000)]
  0x0000000019e4c800 JavaThread "C2 CompilerThread2" daemon [_thread_in_native, id=31372, stack(0x000000001a6c0000,0x000000001a7c0000)]
  0x0000000019e4c000 JavaThread "C2 CompilerThread1" daemon [_thread_blocked, id=36952, stack(0x000000001a5c0000,0x000000001a6c0000)]
=>0x0000000019e6a800 JavaThread "C2 CompilerThread0" daemon [_thread_in_native, id=31012, stack(0x000000001a4c0000,0x000000001a5c0000)]
  0x0000000019bf2800 JavaThread "Attach Listener" daemon [_thread_blocked, id=32564, stack(0x000000001a3c0000,0x000000001a4c0000)]
  0x0000000019bf1000 JavaThread "Signal Dispatcher" daemon [_thread_blocked, id=15352, stack(0x000000001a2c0000,0x000000001a3c0000)]
  0x0000000019be0800 JavaThread "Finalizer" daemon [_thread_blocked, id=39960, stack(0x000000001a0c0000,0x000000001a1c0000)]
  0x0000000002eb8800 JavaThread "Reference Handler" daemon [_thread_blocked, id=47748, stack(0x0000000019fc0000,0x000000001a0c0000)]
  0x0000000002b7e800 JavaThread "Forwarding getElementAttribute on session c309391e34c3153d9d9ee3fabf713d42 to remote" [_thread_in_Java, id=36816, stack(0x0000000002b80000,0x0000000002c80000)]

Other Threads:
  0x0000000017dca000 VMThread [stack: 0x0000000019ac0000,0x0000000019bc0000] [id=52712]
  0x0000000019e3c000 WatcherThread [stack: 0x000000001b1c0000,0x000000001b2c0000] [id=29704]

VM state:not at safepoint (normal execution)

VM Mutex/Monitor currently owned by a thread: None

heap address: 0x0000000082400000, size: 2012 MB, Compressed Oops mode: 32-bit
Narrow klass base: 0x0000000000000000, Narrow klass shift: 3
Compressed class space size: 1073741824 Address: 0x0000000100000000

Heap:
 PSYoungGen      total 150016K, used 57800K [0x00000000d6180000, 0x00000000e0680000, 0x0000000100000000)
  eden space 131072K, 44% used [0x00000000d6180000,0x00000000d99f2238,0x00000000de180000)
  from space 18944K, 0% used [0x00000000df400000,0x00000000df400000,0x00000000e0680000)
  to   space 18944K, 0% used [0x00000000de180000,0x00000000de180000,0x00000000df400000)
 ParOldGen       total 77824K, used 20842K [0x0000000082400000, 0x0000000087000000, 0x00000000d6180000)
  object space 77824K, 26% used [0x0000000082400000,0x000000008385a860,0x0000000087000000)
 Metaspace       used 23917K, capacity 24752K, committed 25088K, reserved 1071104K
  class space    used 2763K, capacity 2984K, committed 3072K, reserved 1048576K

Card table byte_map: [0x0000000012280000,0x0000000012670000] byte_map_base: 0x0000000011e6e000

Marking Bits: (ParMarkBitMap*) 0x0000000057616d90
 Begin Bits: [0x0000000013110000, 0x0000000015080000)
 End Bits:   [0x0000000015080000, 0x0000000016ff0000)

Polling page: 0x0000000001140000

CodeCache: size=245760Kb used=11632Kb max_used=13029Kb free=234127Kb
 bounds [0x0000000002ec0000, 0x0000000003b90000, 0x0000000011ec0000]
 total_blobs=3239 nmethods=2790 adapters=360
 compilation: enabled

Compilation events (10 events):
Event: 24.387 Thread 0x0000000019e4c000 3040       4       java.lang.Integer::hashCode (8 bytes)
Event: 24.387 Thread 0x0000000019e4c800 3041       4       com.google.common.collect.RegularImmutableMap::get (64 bytes)
Event: 24.387 Thread 0x0000000019e4c000 nmethod 3040 0x00000000030d2c90 code [0x00000000030d2dc0, 0x00000000030d2e18]
Event: 24.387 Thread 0x0000000019e4c000 3043       4       java.lang.Integer::equals (29 bytes)
Event: 24.388 Thread 0x0000000019e4c000 nmethod 3043 0x00000000031c8490 code [0x00000000031c85e0, 0x00000000031c8698]
Event: 24.388 Thread 0x0000000019e4c000 3042       4       java.util.stream.IntPipeline$4$1::accept (23 bytes)
Event: 24.388 Thread 0x0000000019e4d800 3047       3       okhttp3.HttpUrl::canonicalize (158 bytes)
Event: 24.389 Thread 0x0000000019e4d800 nmethod 3047 0x0000000002ff5bd0 code [0x0000000002ff5e00, 0x0000000002ff6c18]
Event: 24.394 Thread 0x0000000019e4c800 nmethod 3041 0x0000000003008c90 code [0x0000000003008e00, 0x0000000003009278]
Event: 24.394 Thread 0x0000000019e4c800 3045       4       java.util.stream.ForEachOps$ForEachOp$OfRef::accept (11 bytes)

GC Heap History (10 events):
Event: 0.875 GC heap before
{Heap before GC invocations=3 (full 0):
 PSYoungGen      total 37888K, used 37856K [0x00000000d6180000, 0x00000000dab80000, 0x0000000100000000)
  eden space 32768K, 100% used [0x00000000d6180000,0x00000000d8180000,0x00000000d8180000)
  from space 5120K, 99% used [0x00000000d8680000,0x00000000d8b78030,0x00000000d8b80000)
  to   space 5120K, 0% used [0x00000000d8180000,0x00000000d8180000,0x00000000d8680000)
 ParOldGen       total 86016K, used 7495K [0x0000000082400000, 0x0000000087800000, 0x00000000d6180000)
  object space 86016K, 8% used [0x0000000082400000,0x0000000082b51cd8,0x0000000087800000)
 Metaspace       used 12534K, capacity 12560K, committed 12800K, reserved 1060864K
  class space    used 1259K, capacity 1264K, committed 1280K, reserved 1048576K
Event: 0.881 GC heap after
Heap after GC invocations=3 (full 0):
 PSYoungGen      total 37888K, used 5088K [0x00000000d6180000, 0x00000000dab80000, 0x0000000100000000)
  eden space 32768K, 0% used [0x00000000d6180000,0x00000000d6180000,0x00000000d8180000)
  from space 5120K, 99% used [0x00000000d8180000,0x00000000d8678030,0x00000000d8680000)
  to   space 5120K, 0% used [0x00000000da680000,0x00000000da680000,0x00000000dab80000)
 ParOldGen       total 86016K, used 11231K [0x0000000082400000, 0x0000000087800000, 0x00000000d6180000)
  object space 86016K, 13% used [0x0000000082400000,0x0000000082ef7f58,0x0000000087800000)
 Metaspace       used 12534K, capacity 12560K, committed 12800K, reserved 1060864K
  class space    used 1259K, capacity 1264K, committed 1280K, reserved 1048576K
}
Event: 1.179 GC heap before
{Heap before GC invocations=4 (full 0):
 PSYoungGen      total 37888K, used 37856K [0x00000000d6180000, 0x00000000dab80000, 0x0000000100000000)
  eden space 32768K, 100% used [0x00000000d6180000,0x00000000d8180000,0x00000000d8180000)
  from space 5120K, 99% used [0x00000000d8180000,0x00000000d8678030,0x00000000d8680000)
  to   space 5120K, 0% used [0x00000000da680000,0x00000000da680000,0x00000000dab80000)
 ParOldGen       total 86016K, used 11231K [0x0000000082400000, 0x0000000087800000, 0x00000000d6180000)
  object space 86016K, 13% used [0x0000000082400000,0x0000000082ef7f58,0x0000000087800000)
 Metaspace       used 14183K, capacity 14326K, committed 14592K, reserved 1062912K
  class space    used 1454K, capacity 1489K, committed 1536K, reserved 1048576K
Event: 1.186 GC heap after
Heap after GC invocations=4 (full 0):
 PSYoungGen      total 70656K, used 5088K [0x00000000d6180000, 0x00000000dab80000, 0x0000000100000000)
  eden space 65536K, 0% used [0x00000000d6180000,0x00000000d6180000,0x00000000da180000)
  from space 5120K, 99% used [0x00000000da680000,0x00000000dab78030,0x00000000dab80000)
  to   space 5120K, 0% used [0x00000000da180000,0x00000000da180000,0x00000000da680000)
 ParOldGen       total 86016K, used 15241K [0x0000000082400000, 0x0000000087800000, 0x00000000d6180000)
  object space 86016K, 17% used [0x0000000082400000,0x00000000832e24a8,0x0000000087800000)
 Metaspace       used 14183K, capacity 14326K, committed 14592K, reserved 1062912K
  class space    used 1454K, capacity 1489K, committed 1536K, reserved 1048576K
}
Event: 2.945 GC heap before
{Heap before GC invocations=5 (full 0):
 PSYoungGen      total 70656K, used 70624K [0x00000000d6180000, 0x00000000dab80000, 0x0000000100000000)
  eden space 65536K, 100% used [0x00000000d6180000,0x00000000da180000,0x00000000da180000)
  from space 5120K, 99% used [0x00000000da680000,0x00000000dab78030,0x00000000dab80000)
  to   space 5120K, 0% used [0x00000000da180000,0x00000000da180000,0x00000000da680000)
 ParOldGen       total 86016K, used 15241K [0x0000000082400000, 0x0000000087800000, 0x00000000d6180000)
  object space 86016K, 17% used [0x0000000082400000,0x00000000832e24a8,0x0000000087800000)
 Metaspace       used 20401K, capacity 20784K, committed 20864K, reserved 1067008K
  class space    used 2272K, capacity 2400K, committed 2432K, reserved 1048576K
Event: 2.959 GC heap after
Heap after GC invocations=5 (full 0):
 PSYoungGen      total 70656K, used 5088K [0x00000000d6180000, 0x00000000e0680000, 0x0000000100000000)
  eden space 65536K, 0% used [0x00000000d6180000,0x00000000d6180000,0x00000000da180000)
  from space 5120K, 99% used [0x00000000da180000,0x00000000da678030,0x00000000da680000)
  to   space 18944K, 0% used [0x00000000df400000,0x00000000df400000,0x00000000e0680000)
 ParOldGen       total 86016K, used 31334K [0x0000000082400000, 0x0000000087800000, 0x00000000d6180000)
  object space 86016K, 36% used [0x0000000082400000,0x0000000084299b38,0x0000000087800000)
 Metaspace       used 20401K, capacity 20784K, committed 20864K, reserved 1067008K
  class space    used 2272K, capacity 2400K, committed 2432K, reserved 1048576K
}
Event: 2.997 GC heap before
{Heap before GC invocations=6 (full 0):
 PSYoungGen      total 70656K, used 12957K [0x00000000d6180000, 0x00000000e0680000, 0x0000000100000000)
  eden space 65536K, 12% used [0x00000000d6180000,0x00000000d692f4b0,0x00000000da180000)
  from space 5120K, 99% used [0x00000000da180000,0x00000000da678030,0x00000000da680000)
  to   space 18944K, 0% used [0x00000000df400000,0x00000000df400000,0x00000000e0680000)
 ParOldGen       total 86016K, used 31334K [0x0000000082400000, 0x0000000087800000, 0x00000000d6180000)
  object space 86016K, 36% used [0x0000000082400000,0x0000000084299b38,0x0000000087800000)
 Metaspace       used 20688K, capacity 21058K, committed 21248K, reserved 1069056K
  class space    used 2320K, capacity 2457K, committed 2560K, reserved 1048576K
Event: 3.002 GC heap after
Heap after GC invocations=6 (full 0):
 PSYoungGen      total 150016K, used 6307K [0x00000000d6180000, 0x00000000e0680000, 0x0000000100000000)
  eden space 131072K, 0% used [0x00000000d6180000,0x00000000d6180000,0x00000000de180000)
  from space 18944K, 33% used [0x00000000df400000,0x00000000dfa28c60,0x00000000e0680000)
  to   space 18944K, 0% used [0x00000000de180000,0x00000000de180000,0x00000000df400000)
 ParOldGen       total 86016K, used 31342K [0x0000000082400000, 0x0000000087800000, 0x00000000d6180000)
  object space 86016K, 36% used [0x0000000082400000,0x000000008429bb38,0x0000000087800000)
 Metaspace       used 20688K, capacity 21058K, committed 21248K, reserved 1069056K
  class space    used 2320K, capacity 2457K, committed 2560K, reserved 1048576K
}
Event: 3.002 GC heap before
{Heap before GC invocations=7 (full 1):
 PSYoungGen      total 150016K, used 6307K [0x00000000d6180000, 0x00000000e0680000, 0x0000000100000000)
  eden space 131072K, 0% used [0x00000000d6180000,0x00000000d6180000,0x00000000de180000)
  from space 18944K, 33% used [0x00000000df400000,0x00000000dfa28c60,0x00000000e0680000)
  to   space 18944K, 0% used [0x00000000de180000,0x00000000de180000,0x00000000df400000)
 ParOldGen       total 86016K, used 31342K [0x0000000082400000, 0x0000000087800000, 0x00000000d6180000)
  object space 86016K, 36% used [0x0000000082400000,0x000000008429bb38,0x0000000087800000)
 Metaspace       used 20688K, capacity 21058K, committed 21248K, reserved 1069056K
  class space    used 2320K, capacity 2457K, committed 2560K, reserved 1048576K
Event: 3.051 GC heap after
Heap after GC invocations=7 (full 1):
 PSYoungGen      total 150016K, used 0K [0x00000000d6180000, 0x00000000e0680000, 0x0000000100000000)
  eden space 131072K, 0% used [0x00000000d6180000,0x00000000d6180000,0x00000000de180000)
  from space 18944K, 0% used [0x00000000df400000,0x00000000df400000,0x00000000e0680000)
  to   space 18944K, 0% used [0x00000000de180000,0x00000000de180000,0x00000000df400000)
 ParOldGen       total 77824K, used 20842K [0x0000000082400000, 0x0000000087000000, 0x00000000d6180000)
  object space 77824K, 26% used [0x0000000082400000,0x000000008385a860,0x0000000087000000)
 Metaspace       used 20688K, capacity 21058K, committed 21248K, reserved 1069056K
  class space    used 2320K, capacity 2457K, committed 2560K, reserved 1048576K
}

Deoptimization events (10 events):
Event: 3.127 Thread 0x0000000002b7e800 Uncommon trap: reason=class_check action=maybe_recompile pc=0x000000000385c904 method=java.util.regex.Matcher.search(I)Z @ 86
Event: 3.127 Thread 0x0000000002b7e800 Uncommon trap: reason=class_check action=maybe_recompile pc=0x000000000385c904 method=java.util.regex.Matcher.search(I)Z @ 86
Event: 3.127 Thread 0x0000000002b7e800 Uncommon trap: reason=class_check action=maybe_recompile pc=0x000000000385c904 method=java.util.regex.Matcher.search(I)Z @ 86
Event: 3.127 Thread 0x0000000002b7e800 Uncommon trap: reason=class_check action=maybe_recompile pc=0x0000000003835f24 method=java.util.regex.Pattern$Curly.match(Ljava/util/regex/Matcher;ILjava/lang/CharSequence;)Z @ 19
Event: 3.135 Thread 0x0000000002b7e800 Uncommon trap: reason=class_check action=maybe_recompile pc=0x0000000003835f24 method=java.util.regex.Pattern$Curly.match(Ljava/util/regex/Matcher;ILjava/lang/CharSequence;)Z @ 19
Event: 3.136 Thread 0x0000000002b7e800 Uncommon trap: reason=class_check action=maybe_recompile pc=0x0000000003835f24 method=java.util.regex.Pattern$Curly.match(Ljava/util/regex/Matcher;ILjava/lang/CharSequence;)Z @ 19
Event: 3.215 Thread 0x0000000002b7e800 Uncommon trap: reason=unstable_if action=reinterpret pc=0x00000000039365a8 method=java.util.regex.Pattern$BmpCharProperty.match(Ljava/util/regex/Matcher;ILjava/lang/CharSequence;)Z @ 34
Event: 5.974 Thread 0x0000000002b7e800 Uncommon trap: reason=unstable_if action=reinterpret pc=0x000000000379d09c method=java.util.logging.Logger.isLoggable(Ljava/util/logging/Level;)Z @ 8
Event: 7.740 Thread 0x0000000002b7e800 Uncommon trap: reason=unstable_if action=reinterpret pc=0x0000000003206144 method=sun.nio.cs.UTF_8$Decoder.decode([BII[C)I @ 30
Event: 18.252 Thread 0x0000000002b7e800 Uncommon trap: reason=unstable_if action=reinterpret pc=0x0000000002fde558 method=sun.nio.cs.UTF_8$Encoder.encode([CII[B)I @ 33

Classes redefined (0 events):
No events

Internal exceptions (10 events):
Event: 18.245 Thread 0x0000000002b7e800 Exception <a 'java/lang/NoSuchMethodError': java.lang.Object.lambda$codePoints$1()Ljava/util/Spliterator$OfInt;> (0x00000000d9660c68) thrown at [C:\re\workspace\8-2-build-windows-amd64-cygwin\jdk8u231\13620\hotspot\src\share\vm\interpreter\linkResolver.cp
Event: 18.249 Thread 0x0000000002b7e800 Exception <a 'java/lang/NoSuchMethodError': java.lang.Object.of(Ljava/lang/Object;)Ljava/util/stream/Stream;> (0x00000000d9670520) thrown at [C:\re\workspace\8-2-build-windows-amd64-cygwin\jdk8u231\13620\hotspot\src\share\vm\interpreter\linkResolver.cpp, 
Event: 18.253 Thread 0x0000000002b7e800 Exception <a 'java/net/SocketTimeoutException': Read timed out> (0x00000000d9699ba8) thrown at [C:\re\workspace\8-2-build-windows-amd64-cygwin\jdk8u231\13620\hotspot\src\share\vm\prims\jni.cpp, line 736]
Event: 18.455 Thread 0x0000000002b7e800 Exception <a 'java/net/SocketTimeoutException': Read timed out> (0x00000000d96b28e8) thrown at [C:\re\workspace\8-2-build-windows-amd64-cygwin\jdk8u231\13620\hotspot\src\share\vm\prims\jni.cpp, line 736]
Event: 20.552 Thread 0x0000000002b7e800 Exception <a 'java/net/SocketTimeoutException': Read timed out> (0x00000000d96c5cb0) thrown at [C:\re\workspace\8-2-build-windows-amd64-cygwin\jdk8u231\13620\hotspot\src\share\vm\prims\jni.cpp, line 736]
Event: 20.568 Thread 0x0000000002b7e800 Exception <a 'java/net/SocketTimeoutException': Read timed out> (0x00000000d96e56a0) thrown at [C:\re\workspace\8-2-build-windows-amd64-cygwin\jdk8u231\13620\hotspot\src\share\vm\prims\jni.cpp, line 736]
Event: 20.652 Thread 0x0000000002b7e800 Exception <a 'java/net/SocketTimeoutException': Read timed out> (0x00000000d96fe008) thrown at [C:\re\workspace\8-2-build-windows-amd64-cygwin\jdk8u231\13620\hotspot\src\share\vm\prims\jni.cpp, line 736]
Event: 21.699 Thread 0x0000000002b7e800 Exception <a 'java/net/SocketTimeoutException': Read timed out> (0x00000000d9717290) thrown at [C:\re\workspace\8-2-build-windows-amd64-cygwin\jdk8u231\13620\hotspot\src\share\vm\prims\jni.cpp, line 736]
Event: 24.298 Thread 0x0000000002b7e800 Exception <a 'java/net/SocketTimeoutException': Read timed out> (0x00000000d9729d08) thrown at [C:\re\workspace\8-2-build-windows-amd64-cygwin\jdk8u231\13620\hotspot\src\share\vm\prims\jni.cpp, line 736]
Event: 24.390 Thread 0x0000000002b7e800 Exception <a 'java/net/SocketTimeoutException': Read timed out> (0x00000000d990b7d8) thrown at [C:\re\workspace\8-2-build-windows-amd64-cygwin\jdk8u231\13620\hotspot\src\share\vm\prims\jni.cpp, line 736]

Events (10 events):
Event: 24.383 loading class com/google/common/io/LineProcessor
Event: 24.383 loading class com/google/common/io/LineProcessor done
Event: 24.383 loading class com/google/common/io/Closer
Event: 24.383 loading class com/google/common/io/Closer done
Event: 24.384 loading class com/google/common/io/Closer$Suppressor
Event: 24.384 loading class com/google/common/io/Closer$Suppressor done
Event: 24.385 loading class com/google/common/io/Closer$SuppressingSuppressor
Event: 24.385 loading class com/google/common/io/Closer$SuppressingSuppressor done
Event: 24.388 Thread 0x0000000002b7e800 DEOPT PACKING pc=0x00000000033d4128 sp=0x0000000002c7dc60
Event: 24.388 Thread 0x0000000002b7e800 DEOPT UNPACKING pc=0x0000000002f07890 sp=0x0000000002c7d9b8 mode 0


Dynamic libraries:
0x00007ff6a7800000 - 0x00007ff6a7837000 	C:\Program Files\Java\jdk1.8.0_231\jre\bin\java.exe
0x00007ffc670c0000 - 0x00007ffc672b0000 	C:\WINDOWS\SYSTEM32\ntdll.dll
0x00007ffc66610000 - 0x00007ffc666c2000 	C:\WINDOWS\System32\KERNEL32.DLL
0x00007ffc64d30000 - 0x00007ffc64fd3000 	C:\WINDOWS\System32\KERNELBASE.dll
0x00007ffc65b40000 - 0x00007ffc65be3000 	C:\WINDOWS\System32\ADVAPI32.dll
0x00007ffc66dc0000 - 0x00007ffc66e5e000 	C:\WINDOWS\System32\msvcrt.dll
0x00007ffc65640000 - 0x00007ffc656d7000 	C:\WINDOWS\System32\sechost.dll
0x00007ffc659c0000 - 0x00007ffc65ae0000 	C:\WINDOWS\System32\RPCRT4.dll
0x00007ffc65770000 - 0x00007ffc65904000 	C:\WINDOWS\System32\USER32.dll
0x00007ffc64fe0000 - 0x00007ffc65001000 	C:\WINDOWS\System32\win32u.dll
0x00007ffc656e0000 - 0x00007ffc65706000 	C:\WINDOWS\System32\GDI32.dll
0x00007ffc64220000 - 0x00007ffc643b4000 	C:\WINDOWS\System32\gdi32full.dll
0x00007ffc64be0000 - 0x00007ffc64c7e000 	C:\WINDOWS\System32\msvcp_win.dll
0x00007ffc65040000 - 0x00007ffc6513a000 	C:\WINDOWS\System32\ucrtbase.dll
0x00007ffc54550000 - 0x00007ffc547d5000 	C:\WINDOWS\WinSxS\amd64_microsoft.windows.common-controls_6595b64144ccf1df_6.0.18362.778_none_e6c6b761130d4fb8\COMCTL32.dll
0x00007ffc66170000 - 0x00007ffc664a6000 	C:\WINDOWS\System32\combase.dll
0x00007ffc64b60000 - 0x00007ffc64be0000 	C:\WINDOWS\System32\bcryptPrimitives.dll
0x00007ffc655b0000 - 0x00007ffc655de000 	C:\WINDOWS\System32\IMM32.DLL
0x00000000576a0000 - 0x0000000057772000 	C:\Program Files\Java\jdk1.8.0_231\jre\bin\msvcr100.dll
0x0000000056df0000 - 0x0000000057696000 	C:\Program Files\Java\jdk1.8.0_231\jre\bin\server\jvm.dll
0x00007ffc664b0000 - 0x00007ffc664b8000 	C:\WINDOWS\System32\PSAPI.DLL
0x00007ffc4e570000 - 0x00007ffc4e579000 	C:\WINDOWS\SYSTEM32\WSOCK32.dll
0x00007ffc60810000 - 0x00007ffc60834000 	C:\WINDOWS\SYSTEM32\WINMM.dll
0x00007ffc66f10000 - 0x00007ffc66f7f000 	C:\WINDOWS\System32\WS2_32.dll
0x00007ffc5dc90000 - 0x00007ffc5dc9a000 	C:\WINDOWS\SYSTEM32\VERSION.dll
0x00007ffc607e0000 - 0x00007ffc6080d000 	C:\WINDOWS\SYSTEM32\WINMMBASE.dll
0x00007ffc64c80000 - 0x00007ffc64cca000 	C:\WINDOWS\System32\cfgmgr32.dll
0x00007ffc608f0000 - 0x00007ffc608ff000 	C:\Program Files\Java\jdk1.8.0_231\jre\bin\verify.dll
0x00007ffc44030000 - 0x00007ffc44059000 	C:\Program Files\Java\jdk1.8.0_231\jre\bin\java.dll
0x00007ffc5f610000 - 0x00007ffc5f633000 	C:\Program Files\Java\jdk1.8.0_231\jre\bin\instrument.dll
0x00007ffc5ec00000 - 0x00007ffc5ec16000 	C:\Program Files\Java\jdk1.8.0_231\jre\bin\zip.dll
0x00007ffc666d0000 - 0x00007ffc66db5000 	C:\WINDOWS\System32\SHELL32.dll
0x00007ffc65910000 - 0x00007ffc659b9000 	C:\WINDOWS\System32\shcore.dll
0x00007ffc643e0000 - 0x00007ffc64b60000 	C:\WINDOWS\System32\windows.storage.dll
0x00007ffc63ff0000 - 0x00007ffc64013000 	C:\WINDOWS\System32\profapi.dll
0x00007ffc63f80000 - 0x00007ffc63fca000 	C:\WINDOWS\System32\powrprof.dll
0x00007ffc63f50000 - 0x00007ffc63f60000 	C:\WINDOWS\System32\UMPDC.dll
0x00007ffc65710000 - 0x00007ffc65762000 	C:\WINDOWS\System32\shlwapi.dll
0x00007ffc63f60000 - 0x00007ffc63f71000 	C:\WINDOWS\System32\kernel.appcore.dll
0x00007ffc643c0000 - 0x00007ffc643d7000 	C:\WINDOWS\System32\cryptsp.dll
0x00007ffc63330000 - 0x00007ffc63363000 	C:\WINDOWS\system32\rsaenh.dll
0x00007ffc65010000 - 0x00007ffc65036000 	C:\WINDOWS\System32\bcrypt.dll
0x00007ffc63e70000 - 0x00007ffc63e95000 	C:\WINDOWS\SYSTEM32\USERENV.dll
0x00007ffc63990000 - 0x00007ffc6399c000 	C:\WINDOWS\SYSTEM32\CRYPTBASE.dll
0x00007ffc45300000 - 0x00007ffc4531a000 	C:\Program Files\Java\jdk1.8.0_231\jre\bin\net.dll
0x00007ffc637c0000 - 0x00007ffc63827000 	C:\WINDOWS\system32\mswsock.dll
0x00007ffc634d0000 - 0x00007ffc6350a000 	C:\WINDOWS\SYSTEM32\IPHLPAPI.DLL
0x00007ffc664c0000 - 0x00007ffc664c8000 	C:\WINDOWS\System32\NSI.dll
0x00007ffc5a650000 - 0x00007ffc5a666000 	C:\WINDOWS\SYSTEM32\dhcpcsvc6.DLL
0x00007ffc5a7a0000 - 0x00007ffc5a7bc000 	C:\WINDOWS\SYSTEM32\dhcpcsvc.DLL
0x00007ffc63510000 - 0x00007ffc635da000 	C:\WINDOWS\SYSTEM32\DNSAPI.dll
0x00007ffc44010000 - 0x00007ffc44022000 	C:\Program Files\Java\jdk1.8.0_231\jre\bin\nio.dll
0x00007ffc37fa0000 - 0x00007ffc37fb6000 	C:\WINDOWS\system32\napinsp.dll
0x00007ffc37f80000 - 0x00007ffc37f9a000 	C:\WINDOWS\system32\pnrpnsp.dll
0x00007ffc3cba0000 - 0x00007ffc3cbae000 	C:\WINDOWS\System32\winrnr.dll
0x00007ffc60290000 - 0x00007ffc602ac000 	C:\WINDOWS\system32\NLAapi.dll
0x00007ffc5f440000 - 0x00007ffc5f455000 	C:\WINDOWS\system32\wshbth.dll
0x00007ffc5d480000 - 0x00007ffc5d48a000 	C:\Windows\System32\rasadhlp.dll
0x00007ffc59970000 - 0x00007ffc599e7000 	C:\WINDOWS\System32\fwpuclnt.dll
0x00007ffc60540000 - 0x00007ffc6054d000 	C:\Program Files\Java\jdk1.8.0_231\jre\bin\management.dll
0x00007ffc43c40000 - 0x00007ffc43c64000 	C:\Program Files\Java\jdk1.8.0_231\jre\bin\sunec.dll
0x00007ffc605e0000 - 0x00007ffc605eb000 	C:\Program Files\Java\jdk1.8.0_231\jre\bin\sunmscapi.dll
0x00007ffc64020000 - 0x00007ffc64169000 	C:\WINDOWS\System32\CRYPT32.dll
0x00007ffc63fd0000 - 0x00007ffc63fe2000 	C:\WINDOWS\System32\MSASN1.dll

VM Arguments:
jvm_args: -javaagent:C:\Users\Darya\.m2\repository/org/aspectj/aspectjweaver/1.8.10/aspectjweaver-1.8.10.jar 
java_command: C:\QA\target\surefire\surefirebooter2665540843078933525.jar C:\QA\target\surefire\surefire8647961946851963271tmp C:\QA\target\surefire\surefire_04302329018754018772tmp
java_class_path (initial): C:\QA\target\surefire\surefirebooter2665540843078933525.jar;C:\Users\Darya\.m2\repository/org/aspectj/aspectjweaver/1.8.10/aspectjweaver-1.8.10.jar
Launcher Type: SUN_STANDARD

Environment Variables:
JAVA_HOME=C:\Program Files\Java\jdk1.8.0_231
PATH=C:\Program Files\Microsoft MPI\Bin\;C:\Program Files (x86)\Common Files\Oracle\Java\javapath;C:\Program Files\Common Files\Microsoft Shared\Microsoft Online Services;C:\Program Files (x86)\Common Files\Microsoft Shared\Microsoft Online Services;C:\Program Files \Java\jdk1.8.0_231\bin;C:\Program Files (x86)\Intel\Intel(R) Management Engine Components\iCLS\;C:\Program Files\Intel\Intel(R) Management Engine Components\iCLS\;C:\Windows\system32;C:\Windows;C:\Windows\System32\Wbem;C:\Windows\System32\WindowsPowerShell\v1.0\;C:\Windows\System32\OpenSSH\;C:\Program Files (x86)\NVIDIA Corporation\PhysX\Common;C:\Program Files (x86)\Intel\Intel(R) Management Engine Components\DAL;C:\Program Files\Intel\Intel(R) Management Engine Components\DAL;C:\Program Files (x86)\Intel\Intel(R) Management Engine Components\IPT;C:\Program Files\Intel\Intel(R) Management Engine Components\IPT;C:\Program Files\Intel\WiFi\bin\;C:\Program Files\Common Files\Intel\WirelessCommon\;C:\Program Files\NVIDIA Corporation\NVIDIA NvDLISR;C:\WINDOWS\system32;C:\WINDOWS;C:\WINDOWS\System32\Wbem;C:\WINDOWS\System32\WindowsPowerShell\v1.0\;C:\WINDOWS\System32\OpenSSH\;C:\Program Files\dotnet\;C:\Program Files\apache-maven-3.6.2\bin;C:\Program Files\Git\cmd;C:\Program Files\Microsoft SQL Server\Client SDK\ODBC\130\Tools\Binn\;C:\Users\Darya\AppData\Local\Programs\Python\Python38-32;C:\Program Files\Microsoft SQL Server\130\Tools\Binn\;C:\Program Files\Microsoft SQL Server\Client SDK\ODBC\170\Tools\Binn\;C:\Users\Darya\AppData\Local\Microsoft\WindowsApps;C:\Users\Darya\AppData\Local\Programs\Python\Python38-32;
USERNAME=Дарья
OS=Windows_NT
PROCESSOR_IDENTIFIER=Intel64 Family 6 Model 158 Stepping 10, GenuineIntel



---------------  S Y S T E M  ---------------

OS: Windows 10.0 , 64 bit Build 18362 (10.0.18362.778)

CPU:total 8 (initial active 8) (4 cores per cpu, 2 threads per core) family 6 model 158 stepping 10, cmov, cx8, fxsr, mmx, sse, sse2, sse3, ssse3, sse4.1, sse4.2, popcnt, avx, avx2, aes, clmul, erms, 3dnowpref, lzcnt, ht, tsc, tscinvbit, bmi1, bmi2, adx

Memory: 4k page, physical 8237592k(454996k free), swap 23728960k(4120k free)

vm_info: Java HotSpot(TM) 64-Bit Server VM (25.231-b11) for windows-amd64 JRE (1.8.0_231-b11), built on Oct  5 2019 03:11:30 by "java_re" with MS VC++ 10.0 (VS2010)

time: Mon Apr 27 11:43:22 2020
timezone: RTZ 2 (зима)
elapsed time: 24 seconds (0d 0h 0m 24s)

